d:\tailieu\c++\programming\utilities\debug-nvidia\utilities.pdb
d:\tailieu\c++\programming\utilities\debug-nvidia\utilities.idb
d:\tailieu\c++\programming\utilities\debug-nvidia\esshader.obj
d:\tailieu\c++\programming\utilities\debug-nvidia\esutil.obj
d:\tailieu\c++\programming\utilities\debug-nvidia\esutil_win.obj
d:\tailieu\c++\programming\utilities\debug-nvidia\u_math.obj
d:\tailieu\c++\programming\utilities\debug-nvidia\memorymanager.obj
d:\tailieu\c++\programming\utilities\debug-nvidia\memoryoperators.obj
d:\tailieu\c++\programming\utilities\debug-nvidia\tga.obj
d:\tailieu\c++\programming\bin-nvidia\utilitiesd.lib
c:\users\dell\desktop\gamemaking-master\gamemaking-master\utilities\debug-nvidia\esshader.obj
c:\users\dell\desktop\gamemaking-master\gamemaking-master\utilities\debug-nvidia\esutil.obj
c:\users\dell\desktop\gamemaking-master\gamemaking-master\utilities\debug-nvidia\esutil_win.obj
c:\users\dell\desktop\gamemaking-master\gamemaking-master\utilities\debug-nvidia\memorymanager.obj
c:\users\dell\desktop\gamemaking-master\gamemaking-master\utilities\debug-nvidia\memoryoperators.obj
c:\users\dell\desktop\gamemaking-master\gamemaking-master\utilities\debug-nvidia\tga.obj
c:\users\dell\desktop\gamemaking-master\gamemaking-master\utilities\debug-nvidia\u_math.obj
c:\users\dell\desktop\gamemaking-master\gamemaking-master\utilities\debug-nvidia\utilities.idb
c:\users\dell\desktop\gamemaking-master\gamemaking-master\utilities\debug-nvidia\utilities.pdb
c:\users\dell\desktop\gamemaking-master\gamemaking-master\utilities\debug-nvidia\utilities.tlog\cl.command.1.tlog
c:\users\dell\desktop\gamemaking-master\gamemaking-master\utilities\debug-nvidia\utilities.tlog\cl.read.1.tlog
c:\users\dell\desktop\gamemaking-master\gamemaking-master\utilities\debug-nvidia\utilities.tlog\cl.write.1.tlog
c:\users\dell\desktop\gamemaking-master\gamemaking-master\utilities\debug-nvidia\utilities.tlog\lib-link.read.1.tlog
c:\users\dell\desktop\gamemaking-master\gamemaking-master\utilities\debug-nvidia\utilities.tlog\lib-link.write.1.tlog
c:\users\dell\desktop\gamemaking-master\gamemaking-master\utilities\debug-nvidia\utilities.tlog\lib.command.1.tlog
