d:\tailieu\c++\programming\trainingframework\debug-nvidia\vc141.pdb
d:\tailieu\c++\programming\trainingframework\debug-nvidia\vc141.idb
d:\tailieu\c++\programming\trainingframework\debug-nvidia\application.obj
d:\tailieu\c++\programming\trainingframework\debug-nvidia\sprite2d.obj
d:\tailieu\c++\programming\trainingframework\debug-nvidia\camera.obj
d:\tailieu\c++\programming\trainingframework\debug-nvidia\sprite3d.obj
d:\tailieu\c++\programming\trainingframework\debug-nvidia\models.obj
d:\tailieu\c++\programming\trainingframework\debug-nvidia\shaders.obj
d:\tailieu\c++\programming\trainingframework\debug-nvidia\texture.obj
d:\tailieu\c++\programming\trainingframework\debug-nvidia\trainingframework.obj
d:\tailieu\c++\programming\bin-nvidia\trainingframework.exe
d:\tailieu\c++\programming\bin-nvidia\trainingframework.ilk
d:\tailieu\c++\programming\bin-nvidia\trainingframework.pdb
c:\users\dell\desktop\gamemaking-master\gamemaking-master\trainingframework\debug-nvidia\camera.obj
c:\users\dell\desktop\gamemaking-master\gamemaking-master\trainingframework\debug-nvidia\models.obj
c:\users\dell\desktop\gamemaking-master\gamemaking-master\trainingframework\debug-nvidia\shaders.obj
c:\users\dell\desktop\gamemaking-master\gamemaking-master\trainingframework\debug-nvidia\texture.obj
c:\users\dell\desktop\gamemaking-master\gamemaking-master\trainingframework\debug-nvidia\vc141.idb
c:\users\dell\desktop\gamemaking-master\gamemaking-master\trainingframework\debug-nvidia\vc141.pdb
c:\users\dell\desktop\gamemaking-master\gamemaking-master\\bin-nvidia\trainingframework.pdb
c:\users\dell\desktop\gamemaking-master\gamemaking-master\\bin-nvidia\trainingframework.exe
c:\users\dell\desktop\gamemaking-master\gamemaking-master\\bin-nvidia\trainingframework.ilk
c:\users\dell\desktop\gamemaking-master\gamemaking-master\trainingframework\debug-nvidia\training.fc024ec8.tlog\cl.command.1.tlog
c:\users\dell\desktop\gamemaking-master\gamemaking-master\trainingframework\debug-nvidia\training.fc024ec8.tlog\cl.read.1.tlog
c:\users\dell\desktop\gamemaking-master\gamemaking-master\trainingframework\debug-nvidia\training.fc024ec8.tlog\cl.write.1.tlog
c:\users\dell\desktop\gamemaking-master\gamemaking-master\trainingframework\debug-nvidia\training.fc024ec8.tlog\link.command.1.tlog
c:\users\dell\desktop\gamemaking-master\gamemaking-master\trainingframework\debug-nvidia\training.fc024ec8.tlog\link.read.1.tlog
c:\users\dell\desktop\gamemaking-master\gamemaking-master\trainingframework\debug-nvidia\training.fc024ec8.tlog\link.write.1.tlog
